C51 COMPILER V9.60.0.0   MAIN4                                                             09/15/2019 13:37:05 PAGE 1   


C51 COMPILER V9.60.0.0, COMPILATION OF MODULE MAIN4
OBJECT MODULE PLACED IN .\Objects\main4.obj
COMPILER INVOKED BY: C:\Program Files\Keil5\C51\BIN\C51.EXE main4.c OPTIMIZE(8,SPEED) BROWSE DEBUG OBJECTEXTEND PRINT(.\
                    -Listings\main4.lst) TABS(2) OBJECT(.\Objects\main4.obj)

line level    source

   1          #include<reg52.h>
   2          #include<intrins.h>
   3          
   4          #define on 0
   5          #define off 1
   6          sbit fm = P2^3;
   7          
   8          void delay(unsigned int xms)
   9          {
  10   1        unsigned int i,j;
  11   1        for(i=xms; i>0; i--)
  12   1        {
  13   2          for(j=112; j>0; j--);
  14   2        }
  15   1      }
  16          
  17          void main()
  18          {
  19   1        P1 = 0xfe;
  20   1        while(1)
  21   1        {
  22   2          delay(100);
  23   2          P1 = _crol_(P1, 1);
  24   2          fm = on;
  25   2          delay(100);
  26   2          fm = off;
  27   2        }
  28   1      }


MODULE INFORMATION:   STATIC OVERLAYABLE
   CODE SIZE        =     66    ----
   CONSTANT SIZE    =   ----    ----
   XDATA SIZE       =   ----    ----
   PDATA SIZE       =   ----    ----
   DATA SIZE        =   ----    ----
   IDATA SIZE       =   ----    ----
   BIT SIZE         =   ----    ----
END OF MODULE INFORMATION.


C51 COMPILATION COMPLETE.  0 WARNING(S),  0 ERROR(S)
