C51 COMPILER V9.60.0.0   MAIN5                                                             09/15/2019 23:52:21 PAGE 1   


C51 COMPILER V9.60.0.0, COMPILATION OF MODULE MAIN5
OBJECT MODULE PLACED IN .\Objects\main5.obj
COMPILER INVOKED BY: C:\Program Files\Keil5\C51\BIN\C51.EXE main5.c OPTIMIZE(8,SPEED) BROWSE DEBUG OBJECTEXTEND PRINT(.\
                    -Listings\main5.lst) TABS(2) OBJECT(.\Objects\main5.obj)

line level    source

   1          #include<reg52.h>
   2          
   3          #define duan P0
   4          
   5          sbit wei1 = P2^4;
   6          sbit wei2 = P2^5;
   7          sbit wei3 = P2^6;
   8          sbit wei4 = P2^7;
   9          
  10          void main()
  11          {
  12   1        wei1 = 1;
  13   1        wei2 = 0;
  14   1        wei3 = 0;
  15   1        wei4 = 0;
  16   1        duan = 0x7c;
  17   1        while(1);
  18   1      }


MODULE INFORMATION:   STATIC OVERLAYABLE
   CODE SIZE        =     13    ----
   CONSTANT SIZE    =   ----    ----
   XDATA SIZE       =   ----    ----
   PDATA SIZE       =   ----    ----
   DATA SIZE        =   ----    ----
   IDATA SIZE       =   ----    ----
   BIT SIZE         =   ----    ----
END OF MODULE INFORMATION.


C51 COMPILATION COMPLETE.  0 WARNING(S),  0 ERROR(S)
