C51 COMPILER V9.60.0.0   MAIN3                                                             09/15/2019 01:41:37 PAGE 1   


C51 COMPILER V9.60.0.0, COMPILATION OF MODULE MAIN3
OBJECT MODULE PLACED IN .\Objects\main3.obj
COMPILER INVOKED BY: C:\Program Files\Keil5\C51\BIN\C51.EXE main3.c OPTIMIZE(8,SPEED) BROWSE DEBUG OBJECTEXTEND PRINT(.\
                    -Listings\main3.lst) TABS(2) OBJECT(.\Objects\main3.obj)

line level    source

   1          #include<reg52.h>
   2          #include<intrins.h>
   3          
   4          #define uint unsigned int
   5          
   6          void delay(uint xms)
   7          {
   8   1        uint i,j;
   9   1        for(i=xms; i>0; i--)
  10   1        {
  11   2          for(j=112; j>0; j--);
  12   2        }
  13   1      }
  14          
  15          void main()
  16          {
  17   1        P1 = 0xfe;
  18   1        while(1)
  19   1        {
  20   2          delay(500);
  21   2          P1 = _crol_(P1, 1);
  22   2        }
  23   1      }


MODULE INFORMATION:   STATIC OVERLAYABLE
   CODE SIZE        =     55    ----
   CONSTANT SIZE    =   ----    ----
   XDATA SIZE       =   ----    ----
   PDATA SIZE       =   ----    ----
   DATA SIZE        =   ----    ----
   IDATA SIZE       =   ----    ----
   BIT SIZE         =   ----    ----
END OF MODULE INFORMATION.


C51 COMPILATION COMPLETE.  0 WARNING(S),  0 ERROR(S)
