C51 COMPILER V9.60.0.0   MAIN8                                                             09/18/2019 01:53:58 PAGE 1   


C51 COMPILER V9.60.0.0, COMPILATION OF MODULE MAIN8
OBJECT MODULE PLACED IN .\Objects\main8.obj
COMPILER INVOKED BY: C:\Program Files\Keil5\C51\BIN\C51.EXE main8.c OPTIMIZE(8,SPEED) BROWSE DEBUG OBJECTEXTEND PRINT(.\
                    -Listings\main8.lst) TABS(2) OBJECT(.\Objects\main8.obj)

line level    source

   1          #include<reg52.h>
   2          
   3          sbit led1 = P1^0;
   4          sbit k1 = P3^4;
   5          
   6          void delay(unsigned int xms)
   7          {
   8   1        unsigned int i,j;
   9   1        for(i=xms; i>0; i--)
  10   1          for(j=112; j>0; j--);
  11   1      }
  12          
  13          void main()
  14          {
  15   1        P1 = 0xff;
  16   1        while(1)
  17   1        {
  18   2          if(k1 == 0)
  19   2          {
  20   3            delay(10);
  21   3            if(k1 == 0)
  22   3            {
  23   4              // while(k1 == 0);
  24   4              led1 = ~led1;
  25   4            }
  26   3          }
  27   2        }
  28   1      }


MODULE INFORMATION:   STATIC OVERLAYABLE
   CODE SIZE        =     50    ----
   CONSTANT SIZE    =   ----    ----
   XDATA SIZE       =   ----    ----
   PDATA SIZE       =   ----    ----
   DATA SIZE        =   ----    ----
   IDATA SIZE       =   ----    ----
   BIT SIZE         =   ----    ----
END OF MODULE INFORMATION.


C51 COMPILATION COMPLETE.  0 WARNING(S),  0 ERROR(S)
