C51 COMPILER V9.60.0.0   MAIN6                                                             09/16/2019 00:24:12 PAGE 1   


C51 COMPILER V9.60.0.0, COMPILATION OF MODULE MAIN6
OBJECT MODULE PLACED IN .\Objects\main6.obj
COMPILER INVOKED BY: C:\Program Files\Keil5\C51\BIN\C51.EXE main6.c OPTIMIZE(8,SPEED) BROWSE DEBUG OBJECTEXTEND PRINT(.\
                    -Listings\main6.lst) TABS(2) OBJECT(.\Objects\main6.obj)

line level    source

   1          #include<reg52.h>
   2          
   3          #define duan P0
   4          #define uchar unsigned char
   5          
   6          sbit wei1 = P2^4;
   7          sbit wei2 = P2^5;
   8          sbit wei3 = P2^6;
   9          sbit wei4 = P2^7;
  10          
  11          uchar code sz[17] = {
  12            0x3f,
  13            0x06,
  14            0x5b,
  15            0x4f,
  16            0x66,
  17            0x6d,
  18            0x7d,
  19            0x07,
  20            0x7f,
  21            0x6f,
  22            0x77,
  23            0x7c,
  24            0x39,
  25            0x5e,
  26            0x79,
  27            0x71,
  28            0x00
  29          };
  30          
  31          void delay(unsigned int xms)
  32          {
  33   1        unsigned int i,j;
  34   1        for(i=xms; i>0; i--)
  35   1          for(j=112; j>0; j--);
  36   1      }
  37          
  38          void main()
  39          {
  40   1        while(1)
  41   1        {
  42   2          duan = sz[4];
  43   2          wei1 = 0;
  44   2          wei2 = 0;
  45   2          wei3 = 0;
  46   2          wei4 = 1;
  47   2          delay(1000);
  48   2      
  49   2          duan = sz[3];
  50   2          wei1 = 0;
  51   2          wei2 = 0;
  52   2          wei3 = 1;
  53   2          wei4 = 0;
  54   2          delay(1000);
C51 COMPILER V9.60.0.0   MAIN6                                                             09/16/2019 00:24:12 PAGE 2   

  55   2      
  56   2          duan = sz[2];
  57   2          wei1 = 0;
  58   2          wei2 = 1;
  59   2          wei3 = 0;
  60   2          wei4 = 0;
  61   2          delay(1000);
  62   2      
  63   2          duan = sz[1];
  64   2          wei1 = 1;
  65   2          wei2 = 0;
  66   2          wei3 = 0;
  67   2          wei4 = 0;
  68   2          delay(1000);
  69   2        }
  70   1      }


MODULE INFORMATION:   STATIC OVERLAYABLE
   CODE SIZE        =    102    ----
   CONSTANT SIZE    =     17    ----
   XDATA SIZE       =   ----    ----
   PDATA SIZE       =   ----    ----
   DATA SIZE        =   ----    ----
   IDATA SIZE       =   ----    ----
   BIT SIZE         =   ----    ----
END OF MODULE INFORMATION.


C51 COMPILATION COMPLETE.  0 WARNING(S),  0 ERROR(S)
